26/05/2023 11:53:08  INFO netbanking:24 - URL is lounched
26/05/2023 11:56:57  INFO netbanking:24 - URL is lounched
26/05/2023 11:57:00  INFO netbanking:56 - Login Test case is pass
26/05/2023 11:57:08  INFO netbanking:22 - URL is lounched
26/05/2023 11:59:08  INFO netbanking:24 - URL is lounched
26/05/2023 11:59:09  INFO netbanking:56 - Login Test case is pass
26/05/2023 11:59:17  INFO netbanking:22 - URL is lounched
26/05/2023 12:01:22  INFO netbanking:22 - URL is lounched
26/05/2023 14:32:42  INFO netbanking:22 - URL is lounched
26/05/2023 14:38:41  INFO netbanking:22 - URL is lounched
26/05/2023 14:38:59  INFO netbanking:47 - OPD DDT Test case is pass
26/05/2023 14:46:18  INFO IDS Automation:24 - URL is lounched
26/05/2023 14:46:18  INFO IDS Automation:27 - DDTUserName is provided
26/05/2023 14:46:19  INFO IDS Automation:29 - DDT password is provided
26/05/2023 14:46:20  INFO IDS Automation:40 - DDT Login Test case is pass
26/05/2023 14:46:21  INFO IDS Automation:24 - URL is lounched
26/05/2023 14:46:21  INFO IDS Automation:27 - DDTUserName is provided
26/05/2023 14:46:21  INFO IDS Automation:29 - DDT password is provided
26/05/2023 14:46:22  INFO IDS Automation:40 - DDT Login Test case is pass
26/05/2023 14:46:26  INFO IDS Automation:22 - URL is lounched
26/05/2023 14:54:20  INFO IDS Automation:24 - URL is lounched
26/05/2023 14:54:20  INFO IDS Automation:27 - DDTUserName is provided
26/05/2023 14:54:20  INFO IDS Automation:29 - DDT password is provided
26/05/2023 14:54:20  INFO IDS Automation:24 - URL is lounched
26/05/2023 14:54:21  INFO IDS Automation:27 - DDTUserName is provided
26/05/2023 14:54:21  INFO IDS Automation:29 - DDT password is provided
26/05/2023 14:54:30  INFO IDS Automation:22 - URL is lounched
28/05/2023 21:12:45  INFO IDS Automation:24 - URL is lounched
28/05/2023 21:12:45  INFO IDS Automation:27 - DDTUserName is provided
28/05/2023 21:12:45  INFO IDS Automation:29 - DDT password is provided
28/05/2023 21:13:27  INFO IDS Automation:24 - URL is lounched
28/05/2023 21:13:27  INFO IDS Automation:27 - DDTUserName is provided
28/05/2023 21:13:27  INFO IDS Automation:29 - DDT password is provided
28/05/2023 21:13:28  INFO IDS Automation:40 - DDT Login Test case is pass
28/05/2023 21:13:32  INFO IDS Automation:22 - URL is lounched
28/05/2023 21:13:48  INFO IDS Automation:47 - OPD DDT Test case is pass
28/05/2023 21:14:47  INFO IDS Automation:24 - URL is lounched
28/05/2023 21:14:47  INFO IDS Automation:27 - DDTUserName is provided
28/05/2023 21:14:47  INFO IDS Automation:29 - DDT password is provided
28/05/2023 21:14:48  INFO IDS Automation:24 - URL is lounched
28/05/2023 21:14:48  INFO IDS Automation:27 - DDTUserName is provided
28/05/2023 21:14:48  INFO IDS Automation:29 - DDT password is provided
28/05/2023 21:15:18  INFO IDS Automation:22 - URL is lounched
28/05/2023 21:22:15  INFO IDS Automation:24 - URL is lounched
28/05/2023 21:22:15  INFO IDS Automation:27 - DDTUserName is provided
28/05/2023 21:22:15  INFO IDS Automation:29 - DDT password is provided
28/05/2023 21:22:15  INFO IDS Automation:24 - URL is lounched
28/05/2023 21:22:16  INFO IDS Automation:27 - DDTUserName is provided
28/05/2023 21:22:16  INFO IDS Automation:29 - DDT password is provided
28/05/2023 21:22:49  INFO IDS Automation:22 - URL is lounched
28/05/2023 21:23:04  INFO IDS Automation:47 - OPD DDT Test case is pass
28/05/2023 21:29:33  INFO IDS Automation:24 - URL is lounched
28/05/2023 21:29:33  INFO IDS Automation:27 - DDTUserName is provided
28/05/2023 21:29:33  INFO IDS Automation:29 - DDT password is provided
28/05/2023 21:30:03  INFO IDS Automation:24 - URL is lounched
28/05/2023 21:30:03  INFO IDS Automation:27 - DDTUserName is provided
28/05/2023 21:30:04  INFO IDS Automation:29 - DDT password is provided
28/05/2023 21:30:04  INFO IDS Automation:40 - DDT Login Test case is pass
28/05/2023 21:30:09  INFO IDS Automation:22 - URL is lounched
29/05/2023 18:28:43  INFO IDS Automation:24 - URL is lounched
29/05/2023 18:28:43  INFO IDS Automation:27 - DDTUserName is provided
29/05/2023 18:28:43  INFO IDS Automation:29 - DDT password is provided
29/05/2023 18:29:13  INFO IDS Automation:24 - URL is lounched
29/05/2023 18:29:13  INFO IDS Automation:27 - DDTUserName is provided
29/05/2023 18:29:13  INFO IDS Automation:29 - DDT password is provided
29/05/2023 18:29:14  INFO IDS Automation:40 - DDT Login Test case is pass
29/05/2023 18:29:18  INFO IDS Automation:22 - URL is lounched
29/05/2023 18:29:30  INFO IDS Automation:47 - OPD DDT Test case is pass
29/05/2023 21:25:06  INFO IDS Automation:24 - URL is lounched
29/05/2023 21:25:06  INFO IDS Automation:27 - DDTUserName is provided
29/05/2023 21:25:06  INFO IDS Automation:29 - DDT password is provided
29/05/2023 21:25:07  INFO IDS Automation:40 - DDT Login Test case is pass
29/05/2023 21:25:08  INFO IDS Automation:24 - URL is lounched
29/05/2023 21:25:08  INFO IDS Automation:27 - DDTUserName is provided
29/05/2023 21:25:08  INFO IDS Automation:29 - DDT password is provided
29/05/2023 21:25:08  INFO IDS Automation:40 - DDT Login Test case is pass
29/05/2023 21:25:12  INFO IDS Automation:22 - URL is lounched
29/05/2023 21:31:13  INFO IDS Automation:24 - URL is lounched
29/05/2023 21:31:14  INFO IDS Automation:27 - DDTUserName is provided
29/05/2023 21:31:14  INFO IDS Automation:29 - DDT password is provided
29/05/2023 21:31:14  INFO IDS Automation:40 - DDT Login Test case is pass
29/05/2023 21:31:15  INFO IDS Automation:24 - URL is lounched
29/05/2023 21:31:15  INFO IDS Automation:27 - DDTUserName is provided
29/05/2023 21:31:15  INFO IDS Automation:29 - DDT password is provided
29/05/2023 21:31:16  INFO IDS Automation:40 - DDT Login Test case is pass
29/05/2023 21:31:20  INFO IDS Automation:22 - URL is lounched
30/05/2023 10:36:18  INFO IDS Automation:24 - URL is lounched
30/05/2023 10:36:18  INFO IDS Automation:27 - DDTUserName is provided
30/05/2023 10:36:18  INFO IDS Automation:29 - DDT password is provided
30/05/2023 10:36:48  INFO IDS Automation:24 - URL is lounched
30/05/2023 10:36:48  INFO IDS Automation:27 - DDTUserName is provided
30/05/2023 10:36:48  INFO IDS Automation:29 - DDT password is provided
30/05/2023 10:37:22  INFO IDS Automation:22 - URL is lounched
30/05/2023 10:40:59  INFO IDS Automation:24 - URL is lounched
30/05/2023 10:40:59  INFO IDS Automation:27 - DDTUserName is provided
30/05/2023 10:40:59  INFO IDS Automation:29 - DDT password is provided
30/05/2023 10:41:00  INFO IDS Automation:40 - DDT Login Test case is pass
30/05/2023 10:41:00  INFO IDS Automation:24 - URL is lounched
30/05/2023 10:41:00  INFO IDS Automation:27 - DDTUserName is provided
30/05/2023 10:41:01  INFO IDS Automation:29 - DDT password is provided
30/05/2023 10:41:01  INFO IDS Automation:40 - DDT Login Test case is pass
30/05/2023 10:41:05  INFO IDS Automation:22 - URL is lounched
30/05/2023 10:41:17  INFO IDS Automation:47 - OPD DDT Test case is pass
30/05/2023 17:36:46  INFO IDS Automation:24 - URL is lounched
30/05/2023 17:36:46  INFO IDS Automation:27 - DDTUserName is provided
30/05/2023 17:36:46  INFO IDS Automation:29 - DDT password is provided
30/05/2023 17:36:49  INFO IDS Automation:40 - DDT Login Test case is pass
30/05/2023 17:36:50  INFO IDS Automation:24 - URL is lounched
30/05/2023 17:36:50  INFO IDS Automation:27 - DDTUserName is provided
30/05/2023 17:36:50  INFO IDS Automation:29 - DDT password is provided
30/05/2023 17:36:50  INFO IDS Automation:40 - DDT Login Test case is pass
30/05/2023 17:36:54  INFO IDS Automation:22 - URL is lounched
06/06/2023 12:52:56  INFO IDS Automation:24 - URL is lounched
06/06/2023 12:52:56  INFO IDS Automation:27 - DDTUserName is provided
06/06/2023 12:52:56  INFO IDS Automation:29 - DDT password is provided
06/06/2023 12:53:05  INFO IDS Automation:40 - DDT Login Test case is pass
06/06/2023 12:53:06  INFO IDS Automation:24 - URL is lounched
06/06/2023 12:53:06  INFO IDS Automation:27 - DDTUserName is provided
06/06/2023 12:53:06  INFO IDS Automation:29 - DDT password is provided
06/06/2023 12:53:07  INFO IDS Automation:40 - DDT Login Test case is pass
06/06/2023 12:53:11  INFO IDS Automation:22 - URL is lounched
07/06/2023 21:19:07  INFO IDS Automation:24 - URL is lounched
07/06/2023 21:19:07  INFO IDS Automation:27 - DDTUserName is provided
07/06/2023 21:19:07  INFO IDS Automation:29 - DDT password is provided
07/06/2023 21:19:37  INFO IDS Automation:24 - URL is lounched
07/06/2023 21:19:37  INFO IDS Automation:27 - DDTUserName is provided
07/06/2023 21:19:37  INFO IDS Automation:29 - DDT password is provided
07/06/2023 21:20:11  INFO IDS Automation:22 - URL is lounched
07/06/2023 21:20:27  INFO IDS Automation:47 - OPD DDT Test case is pass
07/06/2023 21:48:44  INFO IDS Automation:24 - URL is lounched
07/06/2023 21:48:44  INFO IDS Automation:27 - DDTUserName is provided
07/06/2023 21:48:44  INFO IDS Automation:29 - DDT password is provided
07/06/2023 21:49:14  INFO IDS Automation:24 - URL is lounched
07/06/2023 21:49:14  INFO IDS Automation:27 - DDTUserName is provided
07/06/2023 21:49:14  INFO IDS Automation:29 - DDT password is provided
07/06/2023 21:49:48  INFO IDS Automation:22 - URL is lounched
07/06/2023 21:50:04  INFO IDS Automation:47 - OPD DDT Test case is pass
